<?xml version="1.0" encoding="UTF-8"?>
<!-- Generated by org.testng.reporters.JUnitXMLReporter -->
<testsuite ignored="0" hostname="DESKTOP-7NV4AEE" failures="0" tests="3" name="Login Tests - Chrome" time="7.17" errors="0" timestamp="2025-04-25T20:06:36 IST">
  <testcase classname="com.automation.framework.base.BaseTest" name="@BeforeMethod setUpTest" time="6.984">
    <failure type="java.lang.NullPointerException" message="Cannot invoke &amp;quot;java.util.Properties.getProperty(String)&amp;quot; because &amp;quot;this.config&amp;quot; is null">
      <![CDATA[java.lang.NullPointerException: Cannot invoke "java.util.Properties.getProperty(String)" because "this.config" is null
at com.automation.framework.base.BaseTest.setUpTest(BaseTest.java:43)
at java.base/java.util.ArrayList.forEach(ArrayList.java:1596)
at java.base/java.util.concurrent.FutureTask.run(FutureTask.java:317)
at java.base/java.util.concurrent.ThreadPoolExecutor.runWorker(ThreadPoolExecutor.java:1144)
at java.base/java.util.concurrent.ThreadPoolExecutor$Worker.run(ThreadPoolExecutor.java:642)
at java.base/java.lang.Thread.run(Thread.java:1583)
... Removed 19 stack frames]]>
    </failure>
  </testcase> <!-- @BeforeMethod setUpTest -->
  <testcase classname="com.automation.framework.base.BaseTest" name="@AfterMethod tearDown" time="0.0">
    <skipped/>
  </testcase> <!-- @AfterMethod tearDown -->
  <testcase classname="com.automation.framework.base.BaseTest" name="@BeforeMethod setUpTest" time="0.0">
    <skipped/>
  </testcase> <!-- @BeforeMethod setUpTest -->
  <testcase classname="com.automation.framework.base.BaseTest" name="@AfterMethod tearDown" time="0.0">
    <skipped/>
  </testcase> <!-- @AfterMethod tearDown -->
  <testcase classname="com.automation.framework.base.BaseTest" name="@BeforeMethod setUpTest" time="0.0">
    <skipped/>
  </testcase> <!-- @BeforeMethod setUpTest -->
  <testcase classname="com.automation.framework.base.BaseTest" name="@AfterMethod tearDown" time="0.0">
    <skipped/>
  </testcase> <!-- @AfterMethod tearDown -->
  <testcase classname="com.automation.tests.LoginTest" name="testEmptyCredentials" time="0.0">
    <skipped/>
  </testcase> <!-- testEmptyCredentials -->
  <testcase classname="com.automation.tests.LoginTest" name="testInvalidLogin" time="0.0">
    <skipped/>
  </testcase> <!-- testInvalidLogin -->
  <testcase classname="com.automation.tests.LoginTest" name="testValidLogin" time="0.0">
    <skipped/>
  </testcase> <!-- testValidLogin -->
</testsuite> <!-- Login Tests - Chrome -->
